
Tue Sep 16 2025 17:15:57:46 GMT+0300 (EEST) -- Starting configuration console on http://localhost:45454
Tue Sep 16 2025 17:15:58:193 GMT+0300 (EEST) -- [INFO] Started the BrowserStack Binary server on 45691, PID: 96852
Tue Sep 16 2025 17:15:58:797 GMT+0300 (EEST) -- [SUCCESS] You can now access your local server(s) in our remote browser

Tue Sep 16 2025 17:15:59:406 GMT+0300 (EEST) -- Press Ctrl-C to exit



Tue Sep 16 2025 17:37:26:586 GMT+0300 (EEST) -- Starting configuration console on http://localhost:45454
Tue Sep 16 2025 17:37:27:450 GMT+0300 (EEST) -- [INFO] Started the BrowserStack Binary server on 45691, PID: 97386
Tue Sep 16 2025 17:37:28:59 GMT+0300 (EEST) -- [SUCCESS] You can now access your local server(s) in our remote browser

Tue Sep 16 2025 17:37:29:581 GMT+0300 (EEST) -- Press Ctrl-C to exit



Tue Sep 16 2025 17:41:56:212 GMT+0300 (EEST) -- Starting configuration console on http://localhost:45454
Tue Sep 16 2025 17:41:57:49 GMT+0300 (EEST) -- [INFO] Started the BrowserStack Binary server on 45691, PID: 97744
Tue Sep 16 2025 17:41:57:684 GMT+0300 (EEST) -- [SUCCESS] You can now access your local server(s) in our remote browser

Tue Sep 16 2025 17:41:58:573 GMT+0300 (EEST) -- Press Ctrl-C to exit



Tue Sep 16 2025 17:43:55:686 GMT+0300 (EEST) -- Starting configuration console on http://localhost:45454
Tue Sep 16 2025 17:43:57:243 GMT+0300 (EEST) -- [INFO] Started the BrowserStack Binary server on 45691, PID: 97975
Tue Sep 16 2025 17:43:57:887 GMT+0300 (EEST) -- [SUCCESS] You can now access your local server(s) in our remote browser

Tue Sep 16 2025 17:43:58:957 GMT+0300 (EEST) -- Press Ctrl-C to exit



Tue Sep 16 2025 17:48:16:573 GMT+0300 (EEST) -- Starting configuration console on http://localhost:45454
Tue Sep 16 2025 17:48:17:905 GMT+0300 (EEST) -- [INFO] Started the BrowserStack Binary server on 45691, PID: 98311
Tue Sep 16 2025 17:48:18:902 GMT+0300 (EEST) -- [SUCCESS] You can now access your local server(s) in our remote browser

Tue Sep 16 2025 17:48:20:615 GMT+0300 (EEST) -- Press Ctrl-C to exit



Tue Sep 16 2025 17:50:39:550 GMT+0300 (EEST) -- Starting configuration console on http://localhost:45454
Tue Sep 16 2025 17:50:40:653 GMT+0300 (EEST) -- [INFO] Started the BrowserStack Binary server on 45691, PID: 98587
Tue Sep 16 2025 17:50:40:867 GMT+0300 (EEST) -- [SUCCESS] You can now access your local server(s) in our remote browser

Tue Sep 16 2025 17:50:42:940 GMT+0300 (EEST) -- Press Ctrl-C to exit



Tue Sep 16 2025 17:52:08:359 GMT+0300 (EEST) -- Starting configuration console on http://localhost:45454
Tue Sep 16 2025 17:52:09:428 GMT+0300 (EEST) -- [INFO] Started the BrowserStack Binary server on 45691, PID: 98843
Tue Sep 16 2025 17:52:09:730 GMT+0300 (EEST) -- [SUCCESS] You can now access your local server(s) in our remote browser

Tue Sep 16 2025 17:52:10:546 GMT+0300 (EEST) -- Press Ctrl-C to exit



Thu Sep 18 2025 13:23:01:171 GMT+0300 (EEST) -- Starting configuration console on http://localhost:45454
Thu Sep 18 2025 13:23:04:503 GMT+0300 (EEST) -- [INFO] Started the BrowserStack Binary server on 45691, PID: 8907
Thu Sep 18 2025 13:23:05:109 GMT+0300 (EEST) -- [SUCCESS] You can now access your local server(s) in our remote browser

Thu Sep 18 2025 13:23:05:490 GMT+0300 (EEST) -- Press Ctrl-C to exit


